# JRE version: 7.0_06-b24
# Java VM: Java HotSpot(TM) 64-Bit Server VM (23.2-b09 mixed mode windows-amd64 compressed oops)
Heap
 PSYoungGen      total 65344K, used 47055K [0x00000007d5ab0000, 0x00000007db200000, 0x0000000800000000)
  eden space 59968K, 78% used [0x00000007d5ab0000,0x00000007d88a3fd0,0x00000007d9540000)
  from space 5376K, 0% used [0x00000007d9540000,0x00000007d9540000,0x00000007d9a80000)
  to   space 3648K, 0% used [0x00000007dae70000,0x00000007dae70000,0x00000007db200000)
 ParOldGen       total 118272K, used 14856K [0x0000000781000000, 0x0000000788380000, 0x00000007d5ab0000)
  object space 118272K, 12% used [0x0000000781000000,0x0000000781e82370,0x0000000788380000)
 PSPermGen       total 21248K, used 9617K [0x000000077be00000, 0x000000077d2c0000, 0x0000000781000000)
  object space 21248K, 45% used [0x000000077be00000,0x000000077c764678,0x000000077d2c0000)
GC Heap History (10 events):
Event: 1.116 GC heap before
{Heap before GC invocations=3 (full 0):
 PSYoungGen      total 37952K, used 33693K [0x00000007d5ab0000, 0x00000007da4d0000, 0x0000000800000000)
  eden space 32576K, 99% used [0x00000007d5ab0000,0x00000007d7a7f610,0x00000007d7a80000)
  from space 5376K, 20% used [0x00000007d7fc0000,0x00000007d80d8030,0x00000007d8500000)
  to   space 5376K, 0% used [0x00000007d7a80000,0x00000007d7a80000,0x00000007d7fc0000)
 ParOldGen       total 86720K, used 49160K [0x0000000781000000, 0x00000007864b0000, 0x00000007d5ab0000)
  object space 86720K, 56% used [0x0000000781000000,0x0000000784002060,0x00000007864b0000)
 PSPermGen       total 21248K, used 9357K [0x000000077be00000, 0x000000077d2c0000, 0x0000000781000000)
  object space 21248K, 44% used [0x000000077be00000,0x000000077c7234c8,0x000000077d2c0000)
Event: 1.121 GC heap after
Heap after GC invocations=3 (full 0):
 PSYoungGen      total 37952K, used 1024K [0x00000007d5ab0000, 0x00000007da4d0000, 0x0000000800000000)
  eden space 32576K, 0% used [0x00000007d5ab0000,0x00000007d5ab0000,0x00000007d7a80000)
  from space 5376K, 19% used [0x00000007d7a80000,0x00000007d7b80030,0x00000007d7fc0000)
  to   space 5376K, 0% used [0x00000007d9f90000,0x00000007d9f90000,0x00000007da4d0000)
 ParOldGen       total 86720K, used 73736K [0x0000000781000000, 0x00000007864b0000, 0x00000007d5ab0000)
  object space 86720K, 85% used [0x0000000781000000,0x0000000785802090,0x00000007864b0000)
 PSPermGen       total 21248K, used 9357K [0x000000077be00000, 0x000000077d2c0000, 0x0000000781000000)
  object space 21248K, 44% used [0x000000077be00000,0x000000077c7234c8,0x000000077d2c0000)
}
Event: 1.121 GC heap before
{Heap before GC invocations=4 (full 1):
 PSYoungGen      total 37952K, used 1024K [0x00000007d5ab0000, 0x00000007da4d0000, 0x0000000800000000)
  eden space 32576K, 0% used [0x00000007d5ab0000,0x00000007d5ab0000,0x00000007d7a80000)
  from space 5376K, 19% used [0x00000007d7a80000,0x00000007d7b80030,0x00000007d7fc0000)
  to   space 5376K, 0% used [0x00000007d9f90000,0x00000007d9f90000,0x00000007da4d0000)
 ParOldGen       total 86720K, used 73736K [0x0000000781000000, 0x00000007864b0000, 0x00000007d5ab0000)
  object space 86720K, 85% used [0x0000000781000000,0x0000000785802090,0x00000007864b0000)
 PSPermGen       total 21248K, used 9357K [0x000000077be00000, 0x000000077d2c0000, 0x0000000781000000)
  object space 21248K, 44% used [0x000000077be00000,0x000000077c7234c8,0x000000077d2c0000)
Event: 1.134 GC heap after
Heap after GC invocations=4 (full 1):
 PSYoungGen      total 37952K, used 0K [0x00000007d5ab0000, 0x00000007da4d0000, 0x0000000800000000)
  eden space 32576K, 0% used [0x00000007d5ab0000,0x00000007d5ab0000,0x00000007d7a80000)
  from space 5376K, 0% used [0x00000007d7a80000,0x00000007d7a80000,0x00000007d7fc0000)
  to   space 5376K, 0% used [0x00000007d9f90000,0x00000007d9f90000,0x00000007da4d0000)
 ParOldGen       total 78464K, used 9146K [0x0000000781000000, 0x0000000785ca0000, 0x00000007d5ab0000)
  object space 78464K, 11% used [0x0000000781000000,0x00000007818ee970,0x0000000785ca0000)
 PSPermGen       total 21248K, used 9354K [0x000000077be00000, 0x000000077d2c0000, 0x0000000781000000)
  object space 21248K, 44% used [0x000000077be00000,0x000000077c722b38,0x000000077d2c0000)
}
Event: 1.333 GC heap before
{Heap before GC invocations=5 (full 1):
 PSYoungGen      total 37952K, used 32576K [0x00000007d5ab0000, 0x00000007da4d0000, 0x0000000800000000)
  eden space 32576K, 100% used [0x00000007d5ab0000,0x00000007d7a80000,0x00000007d7a80000)
  from space 5376K, 0% used [0x00000007d7a80000,0x00000007d7a80000,0x00000007d7fc0000)
  to   space 5376K, 0% used [0x00000007d9f90000,0x00000007d9f90000,0x00000007da4d0000)
 ParOldGen       total 78464K, used 9146K [0x0000000781000000, 0x0000000785ca0000, 0x00000007d5ab0000)
  object space 78464K, 11% used [0x0000000781000000,0x00000007818ee970,0x0000000785ca0000)
 PSPermGen       total 21248K, used 9364K [0x000000077be00000, 0x000000077d2c0000, 0x0000000781000000)
  object space 21248K, 44% used [0x000000077be00000,0x000000077c725020,0x000000077d2c0000)
Event: 1.335 GC heap after
Heap after GC invocations=5 (full 1):
 PSYoungGen      total 52224K, used 192K [0x00000007d5ab0000, 0x00000007d9fc0000, 0x0000000800000000)
  eden space 52032K, 0% used [0x00000007d5ab0000,0x00000007d5ab0000,0x00000007d8d80000)
  from space 192K, 100% used [0x00000007d9f90000,0x00000007d9fc0000,0x00000007d9fc0000)
  to   space 5376K, 0% used [0x00000007d9540000,0x00000007d9540000,0x00000007d9a80000)
 ParOldGen       total 78464K, used 33722K [0x0000000781000000, 0x0000000785ca0000, 0x00000007d5ab0000)
  object space 78464K, 42% used [0x0000000781000000,0x00000007830ee9a0,0x0000000785ca0000)
 PSPermGen       total 21248K, used 9364K [0x000000077be00000, 0x000000077d2c0000, 0x0000000781000000)
  object space 21248K, 44% used [0x000000077be00000,0x000000077c725020,0x000000077d2c0000)
}
Event: 1.616 GC heap before
{Heap before GC invocations=6 (full 1):
 PSYoungGen      total 52224K, used 50441K [0x00000007d5ab0000, 0x00000007d9fc0000, 0x0000000800000000)
  eden space 52032K, 96% used [0x00000007d5ab0000,0x00000007d8bc2668,0x00000007d8d80000)
  from space 192K, 100% used [0x00000007d9f90000,0x00000007d9fc0000,0x00000007d9fc0000)
  to   space 5376K, 0% used [0x00000007d9540000,0x00000007d9540000,0x00000007d9a80000)
 ParOldGen       total 78464K, used 33722K [0x0000000781000000, 0x0000000785ca0000, 0x00000007d5ab0000)
  object space 78464K, 42% used [0x0000000781000000,0x00000007830ee9a0,0x0000000785ca0000)
 PSPermGen       total 21248K, used 9364K [0x000000077be00000, 0x000000077d2c0000, 0x0000000781000000)
  object space 21248K, 44% used [0x000000077be00000,0x000000077c725020,0x000000077d2c0000)
Event: 1.619 GC heap after
Heap after GC invocations=6 (full 1):
 PSYoungGen      total 65344K, used 128K [0x00000007d5ab0000, 0x00000007db200000, 0x0000000800000000)
  eden space 59968K, 0% used [0x00000007d5ab0000,0x00000007d5ab0000,0x00000007d9540000)
  from space 5376K, 2% used [0x00000007d9540000,0x00000007d9560000,0x00000007d9a80000)
  to   space 3648K, 0% used [0x00000007dae70000,0x00000007dae70000,0x00000007db200000)
 ParOldGen       total 78464K, used 75578K [0x0000000781000000, 0x0000000785ca0000, 0x00000007d5ab0000)
  object space 78464K, 96% used [0x0000000781000000,0x00000007859ce9d0,0x0000000785ca0000)
 PSPermGen       total 21248K, used 9364K [0x000000077be00000, 0x000000077d2c0000, 0x0000000781000000)
  object space 21248K, 44% used [0x000000077be00000,0x000000077c725020,0x000000077d2c0000)
}
Event: 1.619 GC heap before
{Heap before GC invocations=7 (full 2):
 PSYoungGen      total 65344K, used 128K [0x00000007d5ab0000, 0x00000007db200000, 0x0000000800000000)
  eden space 59968K, 0% used [0x00000007d5ab0000,0x00000007d5ab0000,0x00000007d9540000)
  from space 5376K, 2% used [0x00000007d9540000,0x00000007d9560000,0x00000007d9a80000)
  to   space 3648K, 0% used [0x00000007dae70000,0x00000007dae70000,0x00000007db200000)
 ParOldGen       total 78464K, used 75578K [0x0000000781000000, 0x0000000785ca0000, 0x00000007d5ab0000)
  object space 78464K, 96% used [0x0000000781000000,0x00000007859ce9d0,0x0000000785ca0000)
 PSPermGen       total 21248K, used 9364K [0x000000077be00000, 0x000000077d2c0000, 0x0000000781000000)
  object space 21248K, 44% used [0x000000077be00000,0x000000077c725020,0x000000077d2c0000)
Event: 1.629 GC heap after
Heap after GC invocations=7 (full 2):
 PSYoungGen      total 65344K, used 0K [0x00000007d5ab0000, 0x00000007db200000, 0x0000000800000000)
  eden space 59968K, 0% used [0x00000007d5ab0000,0x00000007d5ab0000,0x00000007d9540000)
  from space 5376K, 0% used [0x00000007d9540000,0x00000007d9540000,0x00000007d9a80000)
  to   space 3648K, 0% used [0x00000007dae70000,0x00000007dae70000,0x00000007db200000)
 ParOldGen       total 118272K, used 14856K [0x0000000781000000, 0x0000000788380000, 0x00000007d5ab0000)
  object space 118272K, 12% used [0x0000000781000000,0x0000000781e82370,0x0000000788380000)
 PSPermGen       total 21248K, used 9364K [0x000000077be00000, 0x000000077d2c0000, 0x0000000781000000)
  object space 21248K, 44% used [0x000000077be00000,0x000000077c725020,0x000000077d2c0000)
}

